<?xml version="1.0" encoding="UTF-8"?>
<!-- Generated by org.testng.reporters.JUnitXMLReporter -->
<testsuite ignored="0" hostname="DESKTOP-TTB3E54" failures="0" tests="5" name="Default test" time="0.094" errors="0" timestamp="2021-09-14T16:10:31 EDT">
  <testcase classname="JustPractice.Test1" name="test2" time="0.006"/>
  <testcase classname="JustPractice.Test1" name="test" time="0.002"/>
  <testcase classname="JustPractice.Test1" name="test" time="0.002"/>
  <testcase classname="JustPractice.Test1" name="test4" time="0.001"/>
  <testcase classname="JustPractice.Test1" name="test3" time="0.001"/>
</testsuite> <!-- Default test -->
