<?xml version="1.0" encoding="UTF-8"?>
<!-- Generated by org.testng.reporters.JUnitXMLReporter -->
<testsuite ignored="0" hostname="DESKTOP-TTB3E54" failures="0" tests="1" name="Test" time="1.102" errors="0" timestamp="2021-09-13T12:16:45 EDT">
  <testcase classname="JustPractice.Test1" name="@AfterMethod close" time="0.001">
    <failure type="java.lang.NullPointerException">
      <![CDATA[java.lang.NullPointerException
at JustPractice.Test1.close(Test1.java:81)
at java.base/java.util.ArrayList.forEach(ArrayList.java:1541)
... Removed 32 stack frames]]>
    </failure>
  </testcase> <!-- @AfterMethod close -->
  <testcase classname="JustPractice.Test1" name="test2" time="0.004"/>
</testsuite> <!-- Test -->
