<?xml version="1.0" encoding="UTF-8"?>
<testng-results ignored="0" total="5" passed="5" failed="0" skipped="0">
  <reporter-output>
  </reporter-output>
  <suite started-at="2021-09-14T16:10:31 EDT" name="Default suite" finished-at="2021-09-14T16:10:31 EDT" duration-ms="94">
    <groups>
      <group name="G">
        <method signature="Test1.test(java.lang.String)[pri:2, instance:JustPractice.Test1@48f278eb]" name="test" class="JustPractice.Test1"/>
        <method signature="Test1.test4()[pri:3, instance:JustPractice.Test1@48f278eb]" name="test4" class="JustPractice.Test1"/>
      </group> <!-- G -->
    </groups>
    <test started-at="2021-09-14T16:10:31 EDT" name="Default test" finished-at="2021-09-14T16:10:31 EDT" duration-ms="94">
      <class name="JustPractice.Test1">
        <test-method is-config="true" signature="stest()[pri:0, instance:JustPractice.Test1@48f278eb]" started-at="2021-09-14T16:10:31 EDT" name="stest" finished-at="2021-09-14T16:10:31 EDT" duration-ms="19" status="PASS">
          <reporter-output>
          </reporter-output>
        </test-method> <!-- stest -->
        <test-method is-config="true" signature="btest()[pri:0, instance:JustPractice.Test1@48f278eb]" started-at="2021-09-14T16:10:31 EDT" name="btest" finished-at="2021-09-14T16:10:31 EDT" duration-ms="0" status="PASS">
          <reporter-output>
          </reporter-output>
        </test-method> <!-- btest -->
        <test-method is-config="true" signature="ctest()[pri:0, instance:JustPractice.Test1@48f278eb]" started-at="2021-09-14T16:10:31 EDT" name="ctest" finished-at="2021-09-14T16:10:31 EDT" duration-ms="0" status="PASS">
          <reporter-output>
          </reporter-output>
        </test-method> <!-- ctest -->
        <test-method signature="test2()[pri:1, instance:JustPractice.Test1@48f278eb]" started-at="2021-09-14T16:10:31 EDT" name="test2" finished-at="2021-09-14T16:10:31 EDT" duration-ms="6" status="PASS">
          <reporter-output>
          </reporter-output>
        </test-method> <!-- test2 -->
        <test-method signature="test(java.lang.String)[pri:2, instance:JustPractice.Test1@48f278eb]" started-at="2021-09-14T16:10:31 EDT" name="test" data-provider="dataprovider" finished-at="2021-09-14T16:10:31 EDT" duration-ms="2" status="PASS">
          <params>
            <param index="0">
              <value>
                <![CDATA[Manzil]]>
              </value>
            </param>
          </params>
          <reporter-output>
          </reporter-output>
        </test-method> <!-- test -->
        <test-method signature="test(java.lang.String)[pri:2, instance:JustPractice.Test1@48f278eb]" started-at="2021-09-14T16:10:31 EDT" name="test" data-provider="dataprovider" finished-at="2021-09-14T16:10:31 EDT" duration-ms="2" status="PASS">
          <params>
            <param index="0">
              <value>
                <![CDATA[Saduthala]]>
              </value>
            </param>
          </params>
          <reporter-output>
          </reporter-output>
        </test-method> <!-- test -->
        <test-method signature="test4()[pri:3, instance:JustPractice.Test1@48f278eb]" started-at="2021-09-14T16:10:31 EDT" name="test4" finished-at="2021-09-14T16:10:31 EDT" duration-ms="1" status="PASS">
          <reporter-output>
          </reporter-output>
        </test-method> <!-- test4 -->
        <test-method signature="test3()[pri:4, instance:JustPractice.Test1@48f278eb]" started-at="2021-09-14T16:10:31 EDT" name="test3" finished-at="2021-09-14T16:10:31 EDT" depends-on-methods="JustPractice.Test1.test" duration-ms="1" status="PASS">
          <reporter-output>
          </reporter-output>
        </test-method> <!-- test3 -->
      </class> <!-- JustPractice.Test1 -->
    </test> <!-- Default test -->
  </suite> <!-- Default suite -->
</testng-results>
