<?xml version="1.0" encoding="UTF-8"?>
<!-- Generated by org.testng.reporters.JUnitXMLReporter -->
<testsuite ignored="2" hostname="DESKTOP-TTB3E54" failures="0" tests="3" name="GRP-G" time="0.069" errors="0" timestamp="2021-09-13T14:00:04 EDT">
  <testcase classname="JustPractice.Test1" name="test" time="0.011"/>
  <testcase classname="JustPractice.Test1" name="test" time="0.001"/>
  <testcase classname="JustPractice.Test1" name="test4" time="0.001"/>
  <testcase classname="JustPractice.Test1" name="test3" time="0.0">
    <ignored/>
  </testcase> <!-- test3 -->
  <testcase classname="JustPractice.Test1" name="test2" time="0.0">
    <ignored/>
  </testcase> <!-- test2 -->
</testsuite> <!-- GRP-G -->
